C:\USERS\ABHISHEK\DOCUMENTS\VISUAL STUDIO 2012\PROJECTS\GRAPHICS1\GRAPHICS1\DEBUG\MAIN.OBJ
C:\USERS\ABHISHEK\DOCUMENTS\VISUAL STUDIO 2012\PROJECTS\GRAPHICS1\GRAPHICS1\DEBUG\VC110.PDB
C:\USERS\ABHISHEK\DOCUMENTS\VISUAL STUDIO 2012\PROJECTS\GRAPHICS1\DEBUG\G.ILK
C:\USERS\ABHISHEK\DOCUMENTS\VISUAL STUDIO 2012\PROJECTS\GRAPHICS1\DEBUG\G.EXE
C:\USERS\ABHISHEK\DOCUMENTS\VISUAL STUDIO 2012\PROJECTS\GRAPHICS1\DEBUG\G.PDB
C:\Users\Abhishek\documents\visual studio 2012\Projects\Graphics1\Graphics1\Debug\main.obj
C:\Users\Abhishek\documents\visual studio 2012\Projects\Graphics1\Graphics1\Debug\cl.command.1.tlog
C:\Users\Abhishek\documents\visual studio 2012\Projects\Graphics1\Graphics1\Debug\CL.read.1.tlog
C:\Users\Abhishek\documents\visual studio 2012\Projects\Graphics1\Graphics1\Debug\CL.write.1.tlog
C:\Users\Abhishek\documents\visual studio 2012\Projects\Graphics1\Graphics1\Debug\link-cvtres.read.1.tlog
C:\Users\Abhishek\documents\visual studio 2012\Projects\Graphics1\Graphics1\Debug\link-cvtres.write.1.tlog
C:\Users\Abhishek\documents\visual studio 2012\Projects\Graphics1\Graphics1\Debug\link-rc.read.1.tlog
C:\Users\Abhishek\documents\visual studio 2012\Projects\Graphics1\Graphics1\Debug\link-rc.write.1.tlog
C:\Users\Abhishek\documents\visual studio 2012\Projects\Graphics1\Graphics1\Debug\link.command.1.tlog
C:\Users\Abhishek\documents\visual studio 2012\Projects\Graphics1\Graphics1\Debug\link.read.1.tlog
C:\Users\Abhishek\documents\visual studio 2012\Projects\Graphics1\Graphics1\Debug\link.write.1.tlog
C:\Users\Abhishek\documents\visual studio 2012\Projects\Graphics1\Graphics1\Debug\vc110.idb
C:\Users\Abhishek\documents\visual studio 2012\Projects\Graphics1\Graphics1\Debug\vc110.pdb
C:\Users\Abhishek\documents\visual studio 2012\Projects\Graphics1\Debug\g.pdb
C:\Users\Abhishek\documents\visual studio 2012\Projects\Graphics1\Debug\g.exe
C:\Users\Abhishek\documents\visual studio 2012\Projects\Graphics1\Debug\g.ilk
